This is pdfTeX, Version 3.14159265-2.6-1.40.21 (TeX Live 2020) (preloaded format=pdflatex 2021.8.23)  16 SEP 2021 23:33
entering extended mode
 restricted \write18 enabled.
 %&-line parsing enabled.
**/var/home/TM/Desktop/WEB/CSE321-2021-Group8-Sesha/project-spec.tex
(/var/home/TM/Desktop/WEB/CSE321-2021-Group8-Sesha/project-spec.tex
LaTeX2e <2020-02-02> patch level 5
L3 programming layer <2020-04-06>
(/usr/share/texlive/texmf-dist/tex/latex/base/article.cls
Document Class: article 2019/12/20 v1.4l Standard LaTeX document class
(/usr/share/texlive/texmf-dist/tex/latex/base/size10.clo
File: size10.clo 2019/12/20 v1.4l Standard LaTeX file (size option)
)
\c@part=\count167
\c@section=\count168
\c@subsection=\count169
\c@subsubsection=\count170
\c@paragraph=\count171
\c@subparagraph=\count172
\c@figure=\count173
\c@table=\count174
\abovecaptionskip=\skip47
\belowcaptionskip=\skip48
\bibindent=\dimen134
)
(/usr/share/texlive/texmf-dist/tex/latex/hyperref/hyperref.sty
Package: hyperref 2020/01/14 v7.00d Hypertext links for LaTeX

(/usr/share/texlive/texmf-dist/tex/generic/ltxcmds/ltxcmds.sty
Package: ltxcmds 2019/12/15 v1.24 LaTeX kernel commands for general use (HO)
)
(/usr/share/texlive/texmf-dist/tex/generic/iftex/iftex.sty
Package: iftex 2020/03/06 v1.0d TeX engine tests
)
(/usr/share/texlive/texmf-dist/tex/latex/pdftexcmds/pdftexcmds.sty
Package: pdftexcmds 2019/11/24 v0.31 Utility functions of pdfTeX for LuaTeX (HO
)

(/usr/share/texlive/texmf-dist/tex/generic/infwarerr/infwarerr.sty
Package: infwarerr 2019/12/03 v1.5 Providing info/warning/error messages (HO)
)
Package pdftexcmds Info: \pdf@primitive is available.
Package pdftexcmds Info: \pdf@ifprimitive is available.
Package pdftexcmds Info: \pdfdraftmode found.
)
(/usr/share/texlive/texmf-dist/tex/latex/graphics/keyval.sty
Package: keyval 2014/10/28 v1.15 key=value parser (DPC)
\KV@toks@=\toks15
)
(/usr/share/texlive/texmf-dist/tex/generic/kvsetkeys/kvsetkeys.sty
Package: kvsetkeys 2019/12/15 v1.18 Key value parser (HO)
)
(/usr/share/texlive/texmf-dist/tex/generic/kvdefinekeys/kvdefinekeys.sty
Package: kvdefinekeys 2019-12-19 v1.6 Define keys (HO)
)
(/usr/share/texlive/texmf-dist/tex/generic/pdfescape/pdfescape.sty
Package: pdfescape 2019/12/09 v1.15 Implements pdfTeX's escape features (HO)
)
(/usr/share/texlive/texmf-dist/tex/latex/hycolor/hycolor.sty
Package: hycolor 2020-01-27 v1.10 Color options for hyperref/bookmark (HO)
)
(/usr/share/texlive/texmf-dist/tex/latex/letltxmacro/letltxmacro.sty
Package: letltxmacro 2019/12/03 v1.6 Let assignment for LaTeX macros (HO)
)
(/usr/share/texlive/texmf-dist/tex/latex/auxhook/auxhook.sty
Package: auxhook 2019-12-17 v1.6 Hooks for auxiliary files (HO)
)
(/usr/share/texlive/texmf-dist/tex/latex/kvoptions/kvoptions.sty
Package: kvoptions 2019/11/29 v3.13 Key value format for package options (HO)
)
\@linkdim=\dimen135
\Hy@linkcounter=\count175
\Hy@pagecounter=\count176

(/usr/share/texlive/texmf-dist/tex/latex/hyperref/pd1enc.def
File: pd1enc.def 2020/01/14 v7.00d Hyperref: PDFDocEncoding definition (HO)
Now handling font encoding PD1 ...
... no UTF-8 mapping file for font encoding PD1
)
(/usr/share/texlive/texmf-dist/tex/generic/intcalc/intcalc.sty
Package: intcalc 2019/12/15 v1.3 Expandable calculations with integers (HO)
)
(/usr/share/texlive/texmf-dist/tex/generic/etexcmds/etexcmds.sty
Package: etexcmds 2019/12/15 v1.7 Avoid name clashes with e-TeX commands (HO)
)
\Hy@SavedSpaceFactor=\count177
Package hyperref Info: Hyper figures OFF on input line 4547.
Package hyperref Info: Link nesting OFF on input line 4552.
Package hyperref Info: Hyper index ON on input line 4555.
Package hyperref Info: Plain pages OFF on input line 4562.
Package hyperref Info: Backreferencing OFF on input line 4567.
Package hyperref Info: Implicit mode ON; LaTeX internals redefined.
Package hyperref Info: Bookmarks ON on input line 4800.
\c@Hy@tempcnt=\count178

(/usr/share/texlive/texmf-dist/tex/latex/url/url.sty
\Urlmuskip=\muskip16
Package: url 2013/09/16  ver 3.4  Verb mode for urls, etc.
)
LaTeX Info: Redefining \url on input line 5159.
\XeTeXLinkMargin=\dimen136

(/usr/share/texlive/texmf-dist/tex/generic/bitset/bitset.sty
Package: bitset 2019/12/09 v1.3 Handle bit-vector datatype (HO)

(/usr/share/texlive/texmf-dist/tex/generic/bigintcalc/bigintcalc.sty
Package: bigintcalc 2019/12/15 v1.5 Expandable calculations on big integers (HO
)
))
\Fld@menulength=\count179
\Field@Width=\dimen137
\Fld@charsize=\dimen138
Package hyperref Info: Hyper figures OFF on input line 6430.
Package hyperref Info: Link nesting OFF on input line 6435.
Package hyperref Info: Hyper index ON on input line 6438.
Package hyperref Info: backreferencing OFF on input line 6445.
Package hyperref Info: Link coloring OFF on input line 6450.
Package hyperref Info: Link coloring with OCG OFF on input line 6455.
Package hyperref Info: PDF/A mode OFF on input line 6460.
LaTeX Info: Redefining \ref on input line 6500.
LaTeX Info: Redefining \pageref on input line 6504.

(/usr/share/texlive/texmf-dist/tex/generic/atbegshi/atbegshi.sty
Package: atbegshi 2019/12/05 v1.19 At begin shipout hook (HO)
)
\Hy@abspage=\count180
\c@Item=\count181
\c@Hfootnote=\count182
)
Package hyperref Info: Driver (autodetected): hpdftex.

(/usr/share/texlive/texmf-dist/tex/latex/hyperref/hpdftex.def
File: hpdftex.def 2020/01/14 v7.00d Hyperref driver for pdfTeX

(/usr/share/texlive/texmf-dist/tex/latex/atveryend/atveryend.sty
Package: atveryend 2019-12-11 v1.11 Hooks at the very end of document (HO)
Package atveryend Info: \enddocument detected (standard20110627).
)
\Fld@listcount=\count183
\c@bookmark@seq@number=\count184

(/usr/share/texlive/texmf-dist/tex/latex/rerunfilecheck/rerunfilecheck.sty
Package: rerunfilecheck 2019/12/05 v1.9 Rerun checks for auxiliary files (HO)

(/usr/share/texlive/texmf-dist/tex/generic/uniquecounter/uniquecounter.sty
Package: uniquecounter 2019/12/15 v1.4 Provide unlimited unique counter (HO)
)
Package uniquecounter Info: New unique counter `rerunfilecheck' on input line 2
86.
)
\Hy@SectionHShift=\skip49
)
(/usr/share/texlive/texmf-dist/tex/latex/graphics/graphicx.sty
Package: graphicx 2019/11/30 v1.2a Enhanced LaTeX Graphics (DPC,SPQR)

(/usr/share/texlive/texmf-dist/tex/latex/graphics/graphics.sty
Package: graphics 2019/11/30 v1.4a Standard LaTeX Graphics (DPC,SPQR)

(/usr/share/texlive/texmf-dist/tex/latex/graphics/trig.sty
Package: trig 2016/01/03 v1.10 sin cos tan (DPC)
)
(/usr/share/texlive/texmf-dist/tex/latex/graphics-cfg/graphics.cfg
File: graphics.cfg 2016/06/04 v1.11 sample graphics configuration
)
Package graphics Info: Driver file: pdftex.def on input line 105.

(/usr/share/texlive/texmf-dist/tex/latex/graphics-def/pdftex.def
File: pdftex.def 2018/01/08 v1.0l Graphics/color driver for pdftex
))
\Gin@req@height=\dimen139
\Gin@req@width=\dimen140
)
(/usr/share/texlive/texmf-dist/tex/latex/tools/array.sty
Package: array 2019/08/31 v2.4l Tabular extension package (FMi)
\col@sep=\dimen141
\ar@mcellbox=\box45
\extrarowheight=\dimen142
\NC@list=\toks16
\extratabsurround=\skip50
\backup@length=\skip51
\ar@cellbox=\box46
)
(/usr/share/texlive/texmf-dist/tex/latex/base/inputenc.sty
Package: inputenc 2018/08/11 v1.3c Input encoding file
\inpenc@prehook=\toks17
\inpenc@posthook=\toks18
)
(/usr/share/texlive/texmf-dist/tex/latex/chngcntr/chngcntr.sty
Package: chngcntr 2018/04/09 v1.1a change counter resetting
Package chngcntr Info: \counterwithout already defined.
(chngcntr)             Quitting chngcntr on input line 21.
)
(/usr/share/texlive/texmf-dist/tex/latex/l3backend/l3backend-pdfmode.def
File: l3backend-pdfmode.def 2020-03-12 L3 backend support: PDF mode
\l__kernel_color_stack_int=\count185
\l__pdf_internal_box=\box47
)
(./project-spec.aux)
\openout1 = `project-spec.aux'.

LaTeX Font Info:    Checking defaults for OML/cmm/m/it on input line 16.
LaTeX Font Info:    ... okay on input line 16.
LaTeX Font Info:    Checking defaults for OMS/cmsy/m/n on input line 16.
LaTeX Font Info:    ... okay on input line 16.
LaTeX Font Info:    Checking defaults for OT1/cmr/m/n on input line 16.
LaTeX Font Info:    ... okay on input line 16.
LaTeX Font Info:    Checking defaults for T1/cmr/m/n on input line 16.
LaTeX Font Info:    ... okay on input line 16.
LaTeX Font Info:    Checking defaults for TS1/cmr/m/n on input line 16.
LaTeX Font Info:    ... okay on input line 16.
LaTeX Font Info:    Checking defaults for OMX/cmex/m/n on input line 16.
LaTeX Font Info:    ... okay on input line 16.
LaTeX Font Info:    Checking defaults for U/cmr/m/n on input line 16.
LaTeX Font Info:    ... okay on input line 16.
LaTeX Font Info:    Checking defaults for PD1/pdf/m/n on input line 16.
LaTeX Font Info:    ... okay on input line 16.
\AtBeginShipoutBox=\box48
Package hyperref Info: Link coloring OFF on input line 16.

(/usr/share/texlive/texmf-dist/tex/latex/hyperref/nameref.sty
Package: nameref 2019/09/16 v2.46 Cross-referencing by name of section

(/usr/share/texlive/texmf-dist/tex/latex/refcount/refcount.sty
Package: refcount 2019/12/15 v3.6 Data extraction from label references (HO)
)
(/usr/share/texlive/texmf-dist/tex/generic/gettitlestring/gettitlestring.sty
Package: gettitlestring 2019/12/15 v1.6 Cleanup title references (HO)
)
\c@section@level=\count186
)
LaTeX Info: Redefining \ref on input line 16.
LaTeX Info: Redefining \pageref on input line 16.
LaTeX Info: Redefining \nameref on input line 16.

(./project-spec.out) (./project-spec.out)
\@outlinefile=\write3
\openout3 = `project-spec.out'.


(/usr/share/texlive/texmf-dist/tex/context/base/mkii/supp-pdf.mkii
[Loading MPS to PDF converter (version 2006.09.02).]
\scratchcounter=\count187
\scratchdimen=\dimen143
\scratchbox=\box49
\nofMPsegments=\count188
\nofMParguments=\count189
\everyMPshowfont=\toks19
\MPscratchCnt=\count190
\MPscratchDim=\dimen144
\MPnumerator=\count191
\makeMPintoPDFobject=\count192
\everyMPtoPDFconversion=\toks20
) (/usr/share/texlive/texmf-dist/tex/latex/epstopdf-pkg/epstopdf-base.sty
Package: epstopdf-base 2020-01-24 v2.11 Base part for package epstopdf
Package epstopdf-base Info: Redefining graphics rule for `.eps' on input line 4
85.

(/usr/share/texlive/texmf-dist/tex/latex/latexconfig/epstopdf-sys.cfg
File: epstopdf-sys.cfg 2010/07/13 v1.3 Configuration of (r)epstopdf for TeX Liv
e
))
LaTeX Font Info:    External font `cmex10' loaded for size
(Font)              <12> on input line 19.
LaTeX Font Info:    External font `cmex10' loaded for size
(Font)              <8> on input line 19.
LaTeX Font Info:    External font `cmex10' loaded for size
(Font)              <6> on input line 19.
LaTeX Font Info:    External font `cmex10' loaded for size
(Font)              <7> on input line 29.
LaTeX Font Info:    External font `cmex10' loaded for size
(Font)              <5> on input line 29.

[1

{/usr/share/texlive/texmf-dist/fonts/map/pdftex/updmap/pdftex.map}] [2]
Overfull \hbox (2.38066pt too wide) in paragraph at lines 97--97
[]|\OT1/cmr/m/n/10 Udemy| 
 []


Underfull \hbox (badness 10000) in paragraph at lines 97--97
[]|\OT1/cmr/m/n/10 Skill
 []


Underfull \hbox (badness 10000) in paragraph at lines 97--97
[]|\OT1/cmr/m/n/10 Ted
 []


Underfull \hbox (badness 10000) in paragraph at lines 99--99
[]|\OT1/cmr/m/n/10 Individual sale of
 []


Underfull \hbox (badness 10000) in paragraph at lines 103--103
[]|\OT1/cmr/m/n/10 Categorization of
 []


Underfull \hbox (badness 10000) in paragraph at lines 105--105
[]|\OT1/cmr/m/n/10 Ability to set a
 []


Underfull \hbox (badness 10000) in paragraph at lines 107--107
[]|\OT1/cmr/m/n/10 Auto play be-tween
 []


Underfull \hbox (badness 10000) in paragraph at lines 109--109
[]|\OT1/cmr/m/n/10 Supplementary con-
 []


Underfull \hbox (badness 10000) in paragraph at lines 111--111
[]|\OT1/cmr/m/n/10 Keeping notes in
 []


Underfull \hbox (badness 1708) in paragraph at lines 113--113
[]|\OT1/cmr/m/n/10 Keep track of user's
 []


Underfull \hbox (badness 3068) in paragraph at lines 119--119
[]|\OT1/cmr/m/n/10 Supplementary fo-rum
 []


Underfull \hbox (badness 1320) in paragraph at lines 129--129
[]|\OT1/cmr/m/n/10 Accounts for in-struc-
 []


Overfull \hbox (69.82208pt too wide) in paragraph at lines 95--141
[]
 []

[3]

Package hyperref Warning: Difference (2) between bookmark levels is greater 
(hyperref)                than one, level fixed on input line 143.

[4]
<./images/flow.png, id=64, 963.6pt x 602.25pt>
File: ./images/flow.png Graphic file (type png)
<use ./images/flow.png>
Package pdftex.def Info: ./images/flow.png  used on input line 155.
(pdftex.def)             Requested size: 345.0pt x 215.62437pt.

Overfull \hbox (15.0pt too wide) in paragraph at lines 155--156
[][] 
 []

[5 <./images/flow.png>]

! LaTeX Error: There's no line here to end.

See the LaTeX manual or LaTeX Companion for explanation.
Type  H <return>  for immediate help.
 ...                                              
                                                  
l.160 \begin
            {itemize}
Your command was ignored.
Type  I <command> <return>  to replace it with another command,
or  <return>  to continue without it.

<./images/home_page.png, id=71, 1138.2525pt x 640.3925pt>
File: ./images/home_page.png Graphic file (type png)
<use ./images/home_page.png>
Package pdftex.def Info: ./images/home_page.png  used on input line 174.
(pdftex.def)             Requested size: 345.0pt x 194.10286pt.
<./images/hompage_expanded.png, id=72, 1138.2525pt x 640.3925pt>
File: ./images/hompage_expanded.png Graphic file (type png)
<use ./images/hompage_expanded.png>
Package pdftex.def Info: ./images/hompage_expanded.png  used on input line 178.

(pdftex.def)             Requested size: 345.0pt x 194.10286pt.

LaTeX Warning: `h' float specifier changed to `ht'.

<./images/user_side_bar.png, id=73, 1138.2525pt x 640.3925pt>
File: ./images/user_side_bar.png Graphic file (type png)
<use ./images/user_side_bar.png>
Package pdftex.def Info: ./images/user_side_bar.png  used on input line 183.
(pdftex.def)             Requested size: 345.0pt x 194.10286pt.

LaTeX Warning: `h' float specifier changed to `ht'.


! LaTeX Error: \begin{document} ended by \end{itemize}.

See the LaTeX manual or LaTeX Companion for explanation.
Type  H <return>  for immediate help.
 ...                                              
                                                  
l.185 \end{itemize}
                   
Your command was ignored.
Type  I <command> <return>  to replace it with another command,
or  <return>  to continue without it.

! Extra \endgroup.
<recently read> \endgroup 
                          
l.185 \end{itemize}
                   
Things are pretty mixed up, but I think the worst is over.

[6 <./images/home_page.png>]

! LaTeX Error: There's no line here to end.

See the LaTeX manual or LaTeX Companion for explanation.
Type  H <return>  for immediate help.
 ...                                              
                                                  
l.190 \begin
            {itemize}
Your command was ignored.
Type  I <command> <return>  to replace it with another command,
or  <return>  to continue without it.

<./images/login.png, id=82, 1138.2525pt x 640.3925pt>
File: ./images/login.png Graphic file (type png)
<use ./images/login.png>
Package pdftex.def Info: ./images/login.png  used on input line 202.
(pdftex.def)             Requested size: 345.0pt x 194.10286pt.

LaTeX Warning: `h' float specifier changed to `ht'.

[7 <./images/hompage_expanded.png>]

! LaTeX Error: There's no line here to end.

See the LaTeX manual or LaTeX Companion for explanation.
Type  H <return>  for immediate help.
 ...                                              
                                                  
l.226 \begin
            {itemize}
Your command was ignored.
Type  I <command> <return>  to replace it with another command,
or  <return>  to continue without it.

<./images/user_page.png, id=91, 1138.2525pt x 640.3925pt>
File: ./images/user_page.png Graphic file (type png)
<use ./images/user_page.png>
Package pdftex.def Info: ./images/user_page.png  used on input line 238.
(pdftex.def)             Requested size: 345.0pt x 194.10286pt.

LaTeX Warning: `h' float specifier changed to `ht'.

<./images/user_page_red.png, id=92, 668.4975pt x 376.40625pt>
File: ./images/user_page_red.png Graphic file (type png)
<use ./images/user_page_red.png>
Package pdftex.def Info: ./images/user_page_red.png  used on input line 244.
(pdftex.def)             Requested size: 345.0pt x 194.26204pt.

LaTeX Warning: `h' float specifier changed to `ht'.

[8 <./images/user_side_bar.png>]

! LaTeX Error: There's no line here to end.

See the LaTeX manual or LaTeX Companion for explanation.
Type  H <return>  for immediate help.
 ...                                              
                                                  
l.250 \begin
            {itemize}
Your command was ignored.
Type  I <command> <return>  to replace it with another command,
or  <return>  to continue without it.


Overfull \hbox (9.44507pt too wide) in paragraph at lines 258--259
[]\OT1/cmr/m/n/10 Backend takes key:values passed in the body and up-dates user
 database
 []

<./images/user_settings_page.png, id=100, 668.4975pt x 376.40625pt>
File: ./images/user_settings_page.png Graphic file (type png)
<use ./images/user_settings_page.png>
Package pdftex.def Info: ./images/user_settings_page.png  used on input line 26
4.
(pdftex.def)             Requested size: 345.0pt x 194.26204pt.

LaTeX Warning: `h' float specifier changed to `ht'.

<./images/user_settings_page_pfp.png, id=101, 668.4975pt x 376.40625pt>
File: ./images/user_settings_page_pfp.png Graphic file (type png)
<use ./images/user_settings_page_pfp.png>
Package pdftex.def Info: ./images/user_settings_page_pfp.png  used on input lin
e 268.
(pdftex.def)             Requested size: 345.0pt x 194.26204pt.

LaTeX Warning: `h' float specifier changed to `ht'.

<./images/user_settings_page_display_name.png, id=102, 668.4975pt x 376.40625pt
>
File: ./images/user_settings_page_display_name.png Graphic file (type png)
<use ./images/user_settings_page_display_name.png>
Package pdftex.def Info: ./images/user_settings_page_display_name.png  used on 
input line 272.
(pdftex.def)             Requested size: 345.0pt x 194.26204pt.

LaTeX Warning: `h' float specifier changed to `ht'.

! Too many }'s.
\@endfloatbox ...pagefalse \outer@nobreak \egroup 
                                                  \color@endbox 
l.274 \end{figure}
                  
You've closed more groups than you opened.
Such booboos are generally harmless, so keep going.


! LaTeX Error: \begin{document} ended by \end{figure}.

See the LaTeX manual or LaTeX Companion for explanation.
Type  H <return>  for immediate help.
 ...                                              
                                                  
l.274 \end{figure}
                  
Your command was ignored.
Type  I <command> <return>  to replace it with another command,
or  <return>  to continue without it.

! Extra \endgroup.
<recently read> \endgroup 
                          
l.274 \end{figure}
                  
Things are pretty mixed up, but I think the worst is over.

<./images/user_settings_page_change_account.png, id=103, 668.4975pt x 376.40625
pt>
File: ./images/user_settings_page_change_account.png Graphic file (type png)
<use ./images/user_settings_page_change_account.png>
Package pdftex.def Info: ./images/user_settings_page_change_account.png  used o
n input line 277.
(pdftex.def)             Requested size: 345.0pt x 194.26204pt.

LaTeX Warning: `h' float specifier changed to `ht'.

[9 <./images/login.png>]

! LaTeX Error: There's no line here to end.

See the LaTeX manual or LaTeX Companion for explanation.
Type  H <return>  for immediate help.
 ...                                              
                                                  
l.283 \begin
            {itemize}
Your command was ignored.
Type  I <command> <return>  to replace it with another command,
or  <return>  to continue without it.

<./images/course_preview.png, id=111, 1138.2525pt x 640.3925pt>
File: ./images/course_preview.png Graphic file (type png)
<use ./images/course_preview.png>
Package pdftex.def Info: ./images/course_preview.png  used on input line 295.
(pdftex.def)             Requested size: 345.0pt x 194.10286pt.

LaTeX Warning: `h' float specifier changed to `ht'.

[10 <./images/user_page.png>]

! LaTeX Error: There's no line here to end.

See the LaTeX manual or LaTeX Companion for explanation.
Type  H <return>  for immediate help.
 ...                                              
                                                  
l.301 \begin
            {itemize}
Your command was ignored.
Type  I <command> <return>  to replace it with another command,
or  <return>  to continue without it.

! Missing $ inserted.
<inserted text> 
                $
l.302     \item \textbf{GET /c/home?id=course_id}
                                                 
I've inserted a begin-math/end-math symbol since I think
you left one out. Proceed, with fingers crossed.

! Extra }, or forgotten $.
<recently read> \egroup 
                        
l.302     \item \textbf{GET /c/home?id=course_id}
                                                 
I've deleted a group-closing symbol because it seems to be
spurious, as in `$x}$'. But perhaps the } is legitimate and
you forgot something else, as in `\hbox{$x}'. In such cases
the way to recover is to insert both the forgotten and the
deleted material, e.g., by typing `I$}'.

! Missing $ inserted.
<inserted text> 
                $
l.303         \begin{itemize}
                             
I've inserted a begin-math/end-math symbol since I think
you left one out. Proceed, with fingers crossed.

! Missing } inserted.
<inserted text> 
                }
l.303         \begin{itemize}
                             
I've inserted something that you may have forgotten.
(See the <inserted text> above.)
With luck, this will get me unwedged. But if you
really didn't forget anything, try typing `2' now; then
my insertion and my current dilemma will both disappear.

! Missing \endgroup inserted.
<inserted text> 
                \endgroup 
l.303         \begin{itemize}
                             
I've inserted something that you may have forgotten.
(See the <inserted text> above.)
With luck, this will get me unwedged. But if you
really didn't forget anything, try typing `2' now; then
my insertion and my current dilemma will both disappear.


! LaTeX Error: \begin{document} ended by \end{itemize}.

See the LaTeX manual or LaTeX Companion for explanation.
Type  H <return>  for immediate help.
 ...                                              
                                                  
l.310 \end{itemize}
                   
Your command was ignored.
Type  I <command> <return>  to replace it with another command,
or  <return>  to continue without it.

! Extra \endgroup.
<recently read> \endgroup 
                          
l.310 \end{itemize}
                   
Things are pretty mixed up, but I think the worst is over.

File: ./images/course_preview.png Graphic file (type png)
<use ./images/course_preview.png>
Package pdftex.def Info: ./images/course_preview.png  used on input line 313.
(pdftex.def)             Requested size: 345.0pt x 194.10286pt.

LaTeX Warning: `h' float specifier changed to `ht'.

Package atveryend Info: Empty hook `BeforeClearDocument' on input line 315.
[11 <./images/user_page_red.png>] [12 <./images/user_settings_page.png> <./imag
es/user_settings_page_pfp.png>] [13 <./images/user_settings_page_display_name.p
ng> <./images/user_settings_page_change_account.png>] [14 <./images/course_prev
iew.png>]
Package atveryend Info: Empty hook `AfterLastShipout' on input line 315.
 (./project-spec.aux)
Package atveryend Info: Executing hook `AtVeryEndDocument' on input line 315.
Package atveryend Info: Executing hook `AtEndAfterFileList' on input line 315.
Package rerunfilecheck Info: File `project-spec.out' has not changed.
(rerunfilecheck)             Checksum: 62D6D3CF4932EA2FB23D531795E6D143;545.
Package atveryend Info: Empty hook `AtVeryVeryEnd' on input line 315.
 ) 
Here is how much of TeX's memory you used:
 5393 strings out of 482555
 84450 string characters out of 5952145
 352469 words of memory out of 6000000
 20911 multiletter control sequences out of 15000+600000
 537096 words of font info for 40 fonts, out of 8000000 for 9000
 14 hyphenation exceptions out of 8191
 34i,8n,29p,677b,311s stack positions out of 5000i,500n,10000p,200000b,80000s
{/usr/share/texlive/texmf-dist/fonts/enc/dvips/cm-super/cm-super-ts1.enc}</us
r/share/texlive/texmf-dist/fonts/type1/public/amsfonts/cm/cmbx10.pfb></usr/shar
e/texlive/texmf-dist/fonts/type1/public/amsfonts/cm/cmbx12.pfb></usr/share/texl
ive/texmf-dist/fonts/type1/public/amsfonts/cm/cmmi10.pfb></usr/share/texlive/te
xmf-dist/fonts/type1/public/amsfonts/cm/cmmi7.pfb></usr/share/texlive/texmf-dis
t/fonts/type1/public/amsfonts/cm/cmr10.pfb></usr/share/texlive/texmf-dist/fonts
/type1/public/amsfonts/cm/cmr12.pfb></usr/share/texlive/texmf-dist/fonts/type1/
public/amsfonts/cm/cmr17.pfb></usr/share/texlive/texmf-dist/fonts/type1/public/
amsfonts/cm/cmtt10.pfb></usr/share/texlive/texmf-dist/fonts/type1/public/cm-sup
er/sfrm1000.pfb>
Output written on project-spec.pdf (14 pages, 942165 bytes).
PDF statistics:
 196 PDF objects out of 1000 (max. 8388607)
 145 compressed objects within 2 object streams
 41 named destinations out of 1000 (max. 500000)
 125 words of extra memory for PDF output out of 10000 (max. 10000000)

